<?xml version="1.0" encoding="UTF-8"?>
<!-- Generated by org.testng.reporters.JUnitReportReporter -->
<testsuite ignored="0" hostname="BKLAP117" failures="0" tests="6" name="com.bk.testScripts.loginPage.LogInTest" time="117.673" errors="0" timestamp="07 Sep 2023 10:50:23 GMT" skipped="0">
  <testcase classname="com.bk.testScripts.loginPage.LogInTest" name="LoginWithInvalidEmailCredentials" time="10.887"/>
  <testcase classname="com.bk.testScripts.loginPage.LogInTest" name="LoginWithInvalidEmailCredentials" time="10.895"/>
  <testcase classname="com.bk.testScripts.loginPage.LogInTest" name="LoginWithValidCredentials" time="21.320"/>
  <testcase classname="com.bk.testScripts.loginPage.LogInTest" name="LoginWithInvalidEmailCredentials" time="11.959"/>
  <testcase classname="com.bk.testScripts.loginPage.LogInTest" name="LoginWithInvalidEmailCredentials" time="11.220"/>
  <testcase classname="com.bk.testScripts.loginPage.LogInTest" name="loginWithInvalidPasswordCredentials" time="51.392"/>
</testsuite> <!-- com.bk.testScripts.loginPage.LogInTest -->
