<?xml version="1.0" encoding="UTF-8"?>
<!-- Generated by org.testng.reporters.JUnitReportReporter -->
<testsuite ignored="0" hostname="BKLAP117" failures="0" tests="4" name="com.bk.testScripts.loginPage.ClaimAdjusterManagePatientTest" time="377.609" errors="0" timestamp="14 Sep 2023 13:22:50 GMT" skipped="0">
  <testcase classname="com.bk.testScripts.loginPage.ClaimAdjusterManagePatientTest" name="verifyEditPatientReord" time="11.127"/>
  <testcase classname="com.bk.testScripts.loginPage.ClaimAdjusterManagePatientTest" name="verifyVisibilityOfMenus" time="103.768"/>
  <testcase classname="com.bk.testScripts.loginPage.ClaimAdjusterManagePatientTest" name="verifyListOfPatientRecordAndSourceOrganization" time="65.921"/>
  <testcase classname="com.bk.testScripts.loginPage.ClaimAdjusterManagePatientTest" name="verifyNumberOfClaimAndPrescriptionAssignedToPatient" time="196.793"/>
</testsuite> <!-- com.bk.testScripts.loginPage.ClaimAdjusterManagePatientTest -->
