<?xml version="1.0" encoding="UTF-8"?>
<!-- Generated by org.testng.reporters.JUnitReportReporter -->
<testsuite ignored="0" hostname="BKLAP117" failures="0" tests="5" name="com.bk.testScripts.loginPage.ClaimAdjusterManagePatientTest" time="299.378" errors="0" timestamp="20 Sep 2023 14:58:36 GMT" skipped="0">
  <testcase classname="com.bk.testScripts.loginPage.ClaimAdjusterManagePatientTest" name="verifyEditPatientReord" time="7.458"/>
  <testcase classname="com.bk.testScripts.loginPage.ClaimAdjusterManagePatientTest" name="verifyNumberOfClaimAndPrescriptionAssignedToPatient" time="167.915"/>
  <testcase classname="com.bk.testScripts.loginPage.ClaimAdjusterManagePatientTest" name="verifyVisibilityOfMenus" time="93.997"/>
  <testcase classname="com.bk.testScripts.loginPage.ClaimAdjusterManagePatientTest" name="verifyListOfPatientRecord" time="5.234"/>
  <testcase classname="com.bk.testScripts.loginPage.ClaimAdjusterManagePatientTest" name="verifyNoOfOrganization" time="24.774"/>
</testsuite> <!-- com.bk.testScripts.loginPage.ClaimAdjusterManagePatientTest -->
