<?xml version="1.0" encoding="UTF-8"?>
<!-- Generated by org.testng.reporters.JUnitReportReporter -->
<testsuite ignored="0" hostname="BKLAP117" failures="0" tests="1" name="com.bk.testScripts.loginPage.GrantReciveTest" time="81.006" errors="0" timestamp="06 Sep 2023 14:54:10 GMT" skipped="0">
  <testcase classname="com.bk.testScripts.loginPage.GrantReciveTest" name="invalidGrantRecieveCase" time="81.006"/>
</testsuite> <!-- com.bk.testScripts.loginPage.GrantReciveTest -->
