<?xml version="1.0" encoding="UTF-8"?>
<!-- Generated by org.testng.reporters.JUnitReportReporter -->
<testsuite ignored="0" hostname="BKLAP117" failures="0" tests="1" name="com.bk.testScripts.loginPage.ClaimAdjusterManageClaimTest" time="77.685" errors="0" timestamp="14 Sep 2023 12:46:15 GMT" skipped="0">
  <testcase classname="com.bk.testScripts.loginPage.ClaimAdjusterManageClaimTest" name="verifyListOfClaimRecord" time="77.685"/>
</testsuite> <!-- com.bk.testScripts.loginPage.ClaimAdjusterManageClaimTest -->
