<?xml version="1.0" encoding="UTF-8"?>
<!-- Generated by org.testng.reporters.JUnitReportReporter -->
<testsuite ignored="0" hostname="BKLAP117" failures="0" tests="1" name="com.bk.testScripts.loginPage.ClaimAdjusterPrescriptionViewTest" time="20.496" errors="0" timestamp="25 Sep 2023 14:35:13 GMT" skipped="0">
  <testcase classname="com.bk.testScripts.loginPage.ClaimAdjusterPrescriptionViewTest" name="verifyListOfPrescriptionRecord" time="20.496"/>
</testsuite> <!-- com.bk.testScripts.loginPage.ClaimAdjusterPrescriptionViewTest -->
