<?xml version="1.0" encoding="UTF-8"?>
<!-- Generated by org.testng.reporters.JUnitReportReporter -->
<testsuite ignored="0" hostname="BKLAP117" failures="0" tests="1" name="com.bk.testScripts.loginPage.ClaimAdjusterManageClaimTest" time="90.967" errors="0" timestamp="20 Sep 2023 14:11:24 GMT" skipped="0">
  <testcase classname="com.bk.testScripts.loginPage.ClaimAdjusterManageClaimTest" name="verifyListOfClaimRecord" time="90.967"/>
</testsuite> <!-- com.bk.testScripts.loginPage.ClaimAdjusterManageClaimTest -->
