<?xml version="1.0" encoding="UTF-8"?>
<!-- Generated by org.testng.reporters.JUnitReportReporter -->
<testsuite ignored="0" hostname="BKLAP117" failures="0" tests="5" name="com.bk.testScripts.loginPage.ClaimAdjusterManagePatientTest" time="306.686" errors="0" timestamp="19 Sep 2023 08:24:44 GMT" skipped="0">
  <testcase classname="com.bk.testScripts.loginPage.ClaimAdjusterManagePatientTest" name="verifyNoOfOrganization" time="29.132"/>
  <testcase classname="com.bk.testScripts.loginPage.ClaimAdjusterManagePatientTest" name="verifyListOfPatientRecord" time="7.005"/>
  <testcase classname="com.bk.testScripts.loginPage.ClaimAdjusterManagePatientTest" name="verifyNumberOfClaimAndPrescriptionAssignedToPatient" time="170.832"/>
  <testcase classname="com.bk.testScripts.loginPage.ClaimAdjusterManagePatientTest" name="verifyVisibilityOfMenus" time="94.033"/>
  <testcase classname="com.bk.testScripts.loginPage.ClaimAdjusterManagePatientTest" name="verifyEditPatientReord" time="5.684"/>
</testsuite> <!-- com.bk.testScripts.loginPage.ClaimAdjusterManagePatientTest -->
