<?xml version="1.0" encoding="UTF-8"?>
<!-- Generated by org.testng.reporters.JUnitReportReporter -->
<testsuite ignored="0" hostname="BKLAP117" failures="0" tests="1" name="com.bk.testScripts.loginPage.ManagePatientTest" time="223.660" errors="0" timestamp="14 Sep 2023 08:26:05 GMT" skipped="0">
  <testcase classname="com.bk.testScripts.loginPage.ManagePatientTest" name="verifyNumberOfClaimAssignedToPatient" time="223.660"/>
</testsuite> <!-- com.bk.testScripts.loginPage.ManagePatientTest -->
