<?xml version="1.0" encoding="UTF-8"?>
<!-- Generated by org.testng.reporters.JUnitReportReporter -->
<testsuite ignored="0" hostname="BKLAP117" failures="0" tests="1" name="com.bk.testScripts.loginPage.ManagePatientTest" time="39.793" errors="0" timestamp="12 Sep 2023 13:37:25 GMT" skipped="0">
  <testcase classname="com.bk.testScripts.loginPage.ManagePatientTest" name="verifyVisibilityOfMenus" time="39.793"/>
</testsuite> <!-- com.bk.testScripts.loginPage.ManagePatientTest -->
