<?xml version="1.0" encoding="UTF-8"?>
<!-- Generated by org.testng.reporters.JUnitReportReporter -->
<testsuite ignored="0" hostname="BKLAP117" failures="0" tests="1" name="com.bk.testScripts.loginPage.ClaimAdjusterManageClaimTest" time="17.235" errors="0" timestamp="19 Sep 2023 14:48:09 GMT" skipped="0">
  <testcase classname="com.bk.testScripts.loginPage.ClaimAdjusterManageClaimTest" name="json" time="17.235"/>
</testsuite> <!-- com.bk.testScripts.loginPage.ClaimAdjusterManageClaimTest -->
