<?xml version="1.0" encoding="UTF-8"?>
<!-- Generated by org.testng.reporters.JUnitReportReporter -->
<testsuite ignored="0" hostname="BKLAP117" failures="0" tests="1" name="com.bk.testScripts.loginPage.ContactsTest" time="113.889" errors="0" timestamp="06 Sep 2023 07:50:59 GMT" skipped="0">
  <testcase classname="com.bk.testScripts.loginPage.ContactsTest" name="NewContact" time="113.889"/>
</testsuite> <!-- com.bk.testScripts.loginPage.ContactsTest -->
